<html>
<head>
<title>TestNG:  Writing Link functionality And Administration</title>
<link href="../testng.css" rel="stylesheet" type="text/css" />
<link href="../my-testng.css" rel="stylesheet" type="text/css" />

<style type="text/css">
.log { display: none;} 
.stack-trace { display: none;} 
</style>
<script type="text/javascript">
<!--
function flip(e) {
  current = e.style.display;
  if (current == 'block') {
    e.style.display = 'none';
    return 0;
  }
  else {
    e.style.display = 'block';
    return 1;
  }
}

function toggleBox(szDivId, elem, msg1, msg2)
{
  var res = -1;  if (document.getElementById) {
    res = flip(document.getElementById(szDivId));
  }
  else if (document.all) {
    // this is the way old msie versions work
    res = flip(document.all[szDivId]);
  }
  if(elem) {
    if(res == 0) elem.innerHTML = msg1; else elem.innerHTML = msg2;
  }

}

function toggleAllBoxes() {
  if (document.getElementsByTagName) {
    d = document.getElementsByTagName('div');
    for (i = 0; i < d.length; i++) {
      if (d[i].className == 'log') {
        flip(d[i]);
      }
    }
  }
}

// -->
</script>

</head>
<body>
<h2 align='center'>Writing Link functionality And Administration</h2><table border='1' align="center">
<tr>
<td>Tests passed/Failed/Skipped:</td><td>0/1/0</td>
</tr><tr>
<td>Started on:</td><td>Wed Jul 02 18:00:34 GMT+05:30 2014</td>
</tr>
<tr><td>Total time:</td><td>36 seconds (36031 ms)</td>
</tr><tr>
<td>Included groups:</td><td></td>
</tr><tr>
<td>Excluded groups:</td><td></td>
</tr>
</table><p/>
<small><i>(Hover the method name to see the test class name)</i></small><p/>
<table width='100%' border='1' class='invocation-failed'>
<tr><td colspan='4' align='center'><b>FAILED TESTS</b></td></tr>
<tr><td><b>Test method</b></td>
<td width="30%"><b>Exception</b></td>
<td width="10%"><b>Time (seconds)</b></td>
<td><b>Instance</b></td>
</tr>
<tr>
<td title='Script.Writing_Link.getExcelData()'><b>getExcelData</b><br>Test class: Script.Writing_Link</td>
<td><div><pre>org.openqa.selenium.NoSuchWindowException: Window not found. The browser window may have been closed.
Command duration or timeout: 15 milliseconds
Build info: version: &apos;2.40.0&apos;, revision: &apos;fbe29a9&apos;, time: &apos;2014-02-19 20:55:11&apos;
System info: host: &apos;Shivaleela-H-MacBook-Pro.local&apos;, ip: &apos;192.168.0.20&apos;, os.name: &apos;Mac OS X&apos;, os.arch: &apos;x86_64&apos;, os.version: &apos;10.8.5&apos;, java.version: &apos;1.6.0_65&apos;
Session ID: bfa51906-26b8-c040-a97f-ae0dc6f375fa
Driver info: org.openqa.selenium.firefox.FirefoxDriver
Capabilities [{platform=MAC, acceptSslCerts=true, javascriptEnabled=true, browserName=firefox, rotatable=false, locationContextEnabled=true, version=30.0, cssSelectorsEnabled=true, databaseEnabled=true, handlesAlerts=true, browserConnectionEnabled=true, nativeEvents=false, webStorageEnabled=true, applicationCacheEnabled=true, takesScreenshot=true}]
	at org.openqa.selenium.remote.ErrorHandler.createThrowable(ErrorHandler.java:193)
	at org.openqa.selenium.remote.ErrorHandler.throwIfResponseFailed(ErrorHandler.java:145)
	at org.openqa.selenium.remote.RemoteWebDriver.execute(RemoteWebDriver.java:573)
	at org.openqa.selenium.remote.RemoteWebDriver.findElement(RemoteWebDriver.java:326)
	at org.openqa.selenium.remote.RemoteWebDriver.findElementById(RemoteWebDriver.java:367)
	at org.openqa.selenium.By$ById.findElement(By.java:214)
	at org.openqa.selenium.remote.RemoteWebDriver.findElement(RemoteWebDriver.java:318)
	at Script.Writing_Link.administration(Writing_Link.java:193)
	at Script.Writing_Link.getExcelData(Writing_Link.java:46)
	at java.util.concurrent.FutureTask$Sync.innerRun(FutureTask.java:303)
	at java.util.concurrent.FutureTask.run(FutureTask.java:138)
	at java.util.concurrent.ThreadPoolExecutor$Worker.runTask(ThreadPoolExecutor.java:895)
	at java.util.concurrent.ThreadPoolExecutor$Worker.run(ThreadPoolExecutor.java:918)
	at java.lang.Thread.run(Thread.java:695)
Caused by: org.openqa.selenium.remote.ErrorHandler$UnknownServerException: Window not found. The browser window may have been closed.
Build info: version: &apos;2.40.0&apos;, revision: &apos;fbe29a9&apos;, time: &apos;2014-02-19 20:55:11&apos;
System info: host: &apos;Shivaleela-H-MacBook-Pro.local&apos;, ip: &apos;192.168.0.20&apos;, os.name: &apos;Mac OS X&apos;, os.arch: &apos;x86_64&apos;, os.version: &apos;10.8.5&apos;, java.version: &apos;1.6.0_65&apos;
Driver info: driver.version: unknown
	at &lt;anonymous class&gt;.nsCommandProcessor.prototype.execute(file:///var/folders/2r/n6zd9xmj21l95nhjbqhf14q80000gn/T/anonymous1798023513529844314webdriver-profile/extensions/fxdriver@googlecode.com/components/command_processor.js:10949:11)
	at &lt;anonymous class&gt;.Dispatcher.executeAs/&lt;(file:///var/folders/2r/n6zd9xmj21l95nhjbqhf14q80000gn/T/anonymous1798023513529844314webdriver-profile/extensions/fxdriver@googlecode.com/components/driver_component.js:7717:5)
	at &lt;anonymous class&gt;.Resource.prototype.handle(file:///var/folders/2r/n6zd9xmj21l95nhjbqhf14q80000gn/T/anonymous1798023513529844314webdriver-profile/extensions/fxdriver@googlecode.com/components/driver_component.js:7863:3)
	at &lt;anonymous class&gt;.Dispatcher.prototype.dispatch(file:///var/folders/2r/n6zd9xmj21l95nhjbqhf14q80000gn/T/anonymous1798023513529844314webdriver-profile/extensions/fxdriver@googlecode.com/components/driver_component.js:7810:9)
	at &lt;anonymous class&gt;.WebDriverServer/&lt;.handle(file:///var/folders/2r/n6zd9xmj21l95nhjbqhf14q80000gn/T/anonymous1798023513529844314webdriver-profile/extensions/fxdriver@googlecode.com/components/driver_component.js:10733:5)
	at &lt;anonymous class&gt;.createHandlerFunc/&lt;(file:///var/folders/2r/n6zd9xmj21l95nhjbqhf14q80000gn/T/anonymous1798023513529844314webdriver-profile/extensions/fxdriver@googlecode.com/components/httpd.js:1935:41)
	at &lt;anonymous class&gt;.ServerHandler.prototype.handleResponse(file:///var/folders/2r/n6zd9xmj21l95nhjbqhf14q80000gn/T/anonymous1798023513529844314webdriver-profile/extensions/fxdriver@googlecode.com/components/httpd.js:2261:15)
	at &lt;anonymous class&gt;.Connection.prototype.process(file:///var/folders/2r/n6zd9xmj21l95nhjbqhf14q80000gn/T/anonymous1798023513529844314webdriver-profile/extensions/fxdriver@googlecode.com/components/httpd.js:1168:5)
	at &lt;anonymous class&gt;.RequestReader.prototype._handleResponse(file:///var/folders/2r/n6zd9xmj21l95nhjbqhf14q80000gn/T/anonymous1798023513529844314webdriver-profile/extensions/fxdriver@googlecode.com/components/httpd.js:1616:5)
	at &lt;anonymous class&gt;.RequestReader.prototype._processBody(file:///var/folders/2r/n6zd9xmj21l95nhjbqhf14q80000gn/T/anonymous1798023513529844314webdriver-profile/extensions/fxdriver@googlecode.com/components/httpd.js:1464:9)
	at &lt;anonymous class&gt;.RequestReader.prototype.onInputStreamReady(file:///var/folders/2r/n6zd9xmj21l95nhjbqhf14q80000gn/T/anonymous1798023513529844314webdriver-profile/extensions/fxdriver@googlecode.com/components/httpd.js:1333:9)
... Removed 20 stack frames</pre></div><a href='#' onClick='toggleBox("stack-trace1724441822", this, "Click to show all stack frames", "Click to hide stack frames")'>Click to show all stack frames</a>
<div class='stack-trace' id='stack-trace1724441822'><pre>org.openqa.selenium.NoSuchWindowException: Window not found. The browser window may have been closed.
Command duration or timeout: 15 milliseconds
Build info: version: &apos;2.40.0&apos;, revision: &apos;fbe29a9&apos;, time: &apos;2014-02-19 20:55:11&apos;
System info: host: &apos;Shivaleela-H-MacBook-Pro.local&apos;, ip: &apos;192.168.0.20&apos;, os.name: &apos;Mac OS X&apos;, os.arch: &apos;x86_64&apos;, os.version: &apos;10.8.5&apos;, java.version: &apos;1.6.0_65&apos;
Session ID: bfa51906-26b8-c040-a97f-ae0dc6f375fa
Driver info: org.openqa.selenium.firefox.FirefoxDriver
Capabilities [{platform=MAC, acceptSslCerts=true, javascriptEnabled=true, browserName=firefox, rotatable=false, locationContextEnabled=true, version=30.0, cssSelectorsEnabled=true, databaseEnabled=true, handlesAlerts=true, browserConnectionEnabled=true, nativeEvents=false, webStorageEnabled=true, applicationCacheEnabled=true, takesScreenshot=true}]
	at sun.reflect.NativeConstructorAccessorImpl.newInstance0(Native Method)
	at sun.reflect.NativeConstructorAccessorImpl.newInstance(NativeConstructorAccessorImpl.java:39)
	at sun.reflect.DelegatingConstructorAccessorImpl.newInstance(DelegatingConstructorAccessorImpl.java:27)
	at java.lang.reflect.Constructor.newInstance(Constructor.java:513)
	at org.openqa.selenium.remote.ErrorHandler.createThrowable(ErrorHandler.java:193)
	at org.openqa.selenium.remote.ErrorHandler.throwIfResponseFailed(ErrorHandler.java:145)
	at org.openqa.selenium.remote.RemoteWebDriver.execute(RemoteWebDriver.java:573)
	at org.openqa.selenium.remote.RemoteWebDriver.findElement(RemoteWebDriver.java:326)
	at org.openqa.selenium.remote.RemoteWebDriver.findElementById(RemoteWebDriver.java:367)
	at org.openqa.selenium.By$ById.findElement(By.java:214)
	at org.openqa.selenium.remote.RemoteWebDriver.findElement(RemoteWebDriver.java:318)
	at Script.Writing_Link.administration(Writing_Link.java:193)
	at Script.Writing_Link.getExcelData(Writing_Link.java:46)
	at sun.reflect.NativeMethodAccessorImpl.invoke0(Native Method)
	at sun.reflect.NativeMethodAccessorImpl.invoke(NativeMethodAccessorImpl.java:39)
	at sun.reflect.DelegatingMethodAccessorImpl.invoke(DelegatingMethodAccessorImpl.java:25)
	at java.lang.reflect.Method.invoke(Method.java:597)
	at org.testng.internal.MethodInvocationHelper.invokeMethod(MethodInvocationHelper.java:84)
	at org.testng.internal.Invoker.invokeMethod(Invoker.java:714)
	at org.testng.internal.Invoker.invokeTestMethod(Invoker.java:901)
	at org.testng.internal.Invoker.invokeTestMethods(Invoker.java:1231)
	at org.testng.internal.TestMethodWorker.invokeTestMethods(TestMethodWorker.java:127)
	at org.testng.internal.TestMethodWorker.run(TestMethodWorker.java:111)
	at org.testng.TestRunner.privateRun(TestRunner.java:767)
	at org.testng.TestRunner.run(TestRunner.java:617)
	at org.testng.SuiteRunner.runTest(SuiteRunner.java:334)
	at org.testng.SuiteRunner.access$000(SuiteRunner.java:37)
	at org.testng.SuiteRunner$SuiteWorker.run(SuiteRunner.java:368)
	at org.testng.internal.thread.ThreadUtil$2.call(ThreadUtil.java:64)
	at java.util.concurrent.FutureTask$Sync.innerRun(FutureTask.java:303)
	at java.util.concurrent.FutureTask.run(FutureTask.java:138)
	at java.util.concurrent.ThreadPoolExecutor$Worker.runTask(ThreadPoolExecutor.java:895)
	at java.util.concurrent.ThreadPoolExecutor$Worker.run(ThreadPoolExecutor.java:918)
	at java.lang.Thread.run(Thread.java:695)
Caused by: org.openqa.selenium.remote.ErrorHandler$UnknownServerException: Window not found. The browser window may have been closed.
Build info: version: &apos;2.40.0&apos;, revision: &apos;fbe29a9&apos;, time: &apos;2014-02-19 20:55:11&apos;
System info: host: &apos;Shivaleela-H-MacBook-Pro.local&apos;, ip: &apos;192.168.0.20&apos;, os.name: &apos;Mac OS X&apos;, os.arch: &apos;x86_64&apos;, os.version: &apos;10.8.5&apos;, java.version: &apos;1.6.0_65&apos;
Driver info: driver.version: unknown
	at &lt;anonymous class&gt;.nsCommandProcessor.prototype.execute(file:///var/folders/2r/n6zd9xmj21l95nhjbqhf14q80000gn/T/anonymous1798023513529844314webdriver-profile/extensions/fxdriver@googlecode.com/components/command_processor.js:10949:11)
	at &lt;anonymous class&gt;.Dispatcher.executeAs/&lt;(file:///var/folders/2r/n6zd9xmj21l95nhjbqhf14q80000gn/T/anonymous1798023513529844314webdriver-profile/extensions/fxdriver@googlecode.com/components/driver_component.js:7717:5)
	at &lt;anonymous class&gt;.Resource.prototype.handle(file:///var/folders/2r/n6zd9xmj21l95nhjbqhf14q80000gn/T/anonymous1798023513529844314webdriver-profile/extensions/fxdriver@googlecode.com/components/driver_component.js:7863:3)
	at &lt;anonymous class&gt;.Dispatcher.prototype.dispatch(file:///var/folders/2r/n6zd9xmj21l95nhjbqhf14q80000gn/T/anonymous1798023513529844314webdriver-profile/extensions/fxdriver@googlecode.com/components/driver_component.js:7810:9)
	at &lt;anonymous class&gt;.WebDriverServer/&lt;.handle(file:///var/folders/2r/n6zd9xmj21l95nhjbqhf14q80000gn/T/anonymous1798023513529844314webdriver-profile/extensions/fxdriver@googlecode.com/components/driver_component.js:10733:5)
	at &lt;anonymous class&gt;.createHandlerFunc/&lt;(file:///var/folders/2r/n6zd9xmj21l95nhjbqhf14q80000gn/T/anonymous1798023513529844314webdriver-profile/extensions/fxdriver@googlecode.com/components/httpd.js:1935:41)
	at &lt;anonymous class&gt;.ServerHandler.prototype.handleResponse(file:///var/folders/2r/n6zd9xmj21l95nhjbqhf14q80000gn/T/anonymous1798023513529844314webdriver-profile/extensions/fxdriver@googlecode.com/components/httpd.js:2261:15)
	at &lt;anonymous class&gt;.Connection.prototype.process(file:///var/folders/2r/n6zd9xmj21l95nhjbqhf14q80000gn/T/anonymous1798023513529844314webdriver-profile/extensions/fxdriver@googlecode.com/components/httpd.js:1168:5)
	at &lt;anonymous class&gt;.RequestReader.prototype._handleResponse(file:///var/folders/2r/n6zd9xmj21l95nhjbqhf14q80000gn/T/anonymous1798023513529844314webdriver-profile/extensions/fxdriver@googlecode.com/components/httpd.js:1616:5)
	at &lt;anonymous class&gt;.RequestReader.prototype._processBody(file:///var/folders/2r/n6zd9xmj21l95nhjbqhf14q80000gn/T/anonymous1798023513529844314webdriver-profile/extensions/fxdriver@googlecode.com/components/httpd.js:1464:9)
	at &lt;anonymous class&gt;.RequestReader.prototype.onInputStreamReady(file:///var/folders/2r/n6zd9xmj21l95nhjbqhf14q80000gn/T/anonymous1798023513529844314webdriver-profile/extensions/fxdriver@googlecode.com/components/httpd.js:1333:9)
</pre></div></td>
<td>35</td>
<td>Script.Writing_Link@39e4853f</td></tr>
</table><p>
</body>
</html>